<?xml version="1.0"?><coverage lines-covered="585" lines-valid="924" line-rate="0.6331168831168831" branches-covered="0" branches-valid="0" branch-rate="0" complexity="0" version="1.9" timestamp="1770825117"><sources><source>/home/alexc/Projects/ironclaw/orchestrator</source></sources><packages><package name="src/vm/prototype" line-rate="0" branch-rate="0" complexity="0"><classes></classes></package><package name="src/vm" line-rate="0.6114942528735632" branch-rate="0" complexity="0"><classes><class name="config" filename="src/vm/config.rs" line-rate="1" branch-rate="0" complexity="0"><methods/><lines><line number="39" hits="1"/><line number="41" hits="1"/><line number="44" hits="1"/><line number="45" hits="1"/><line number="55" hits="1"/><line number="62" hits="1"/><line number="64" hits="1"/><line number="68" hits="1"/><line number="69" hits="1"/><line number="70" hits="1"/><line number="72" hits="1"/><line number="73" hits="1"/><line number="75" hits="1"/><line number="76" hits="1"/><line number="78" hits="1"/><line number="82" hits="1"/><line number="84" hits="1"/></lines></class><class name="firecracker" filename="src/vm/firecracker.rs" line-rate="0.7755102040816326" branch-rate="0" complexity="0"><methods/><lines><line number="58" hits="8"/><line number="59" hits="2"/><line number="60" hits="1"/><line number="63" hits="1"/><line number="64" hits="1"/><line number="66" hits="2"/><line number="67" hits="2"/><line number="69" hits="2"/><line number="70" hits="2"/><line number="74" hits="2"/><line number="75" hits="3"/><line number="76" hits="4"/><line number="77" hits="4"/><line number="82" hits="1"/><line number="83" hits="2"/><line number="86" hits="1"/><line number="87" hits="1"/><line number="89" hits="2"/><line number="92" hits="1"/><line number="94" hits="1"/><line number="96" hits="1"/><line number="99" hits="1"/><line number="100" hits="1"/><line number="101" hits="1"/><line number="103" hits="3"/><line number="104" hits="1"/><line number="105" hits="1"/><line number="108" hits="4"/><line number="109" hits="1"/><line number="112" hits="1"/><line number="114" hits="0"/><line number="115" hits="0"/><line number="119" hits="3"/><line number="120" hits="0"/><line number="121" hits="0"/><line number="125" hits="3"/><line number="126" hits="3"/><line number="127" hits="1"/><line number="130" hits="0"/><line number="131" hits="0"/><line number="132" hits="0"/><line number="134" hits="0"/><line number="135" hits="0"/><line number="136" hits="0"/><line number="137" hits="0"/><line number="143" hits="0"/><line number="144" hits="0"/><line number="149" hits="0"/><line number="150" hits="0"/><line number="152" hits="0"/><line number="157" hits="0"/><line number="158" hits="0"/><line number="161" hits="0"/><line number="166" hits="4"/><line number="176" hits="20"/><line number="177" hits="16"/><line number="179" hits="4"/><line number="180" hits="20"/><line number="181" hits="12"/><line number="184" hits="16"/><line number="185" hits="16"/><line number="187" hits="0"/><line number="191" hits="4"/><line number="192" hits="8"/><line number="193" hits="8"/><line number="195" hits="0"/><line number="198" hits="12"/><line number="199" hits="4"/><line number="200" hits="8"/><line number="203" hits="4"/><line number="206" hits="20"/><line number="207" hits="4"/><line number="208" hits="16"/><line number="211" hits="11"/><line number="212" hits="3"/><line number="214" hits="1"/><line number="215" hits="1"/><line number="216" hits="2"/><line number="217" hits="2"/><line number="221" hits="6"/><line number="224" hits="1"/><line number="225" hits="2"/><line number="228" hits="1"/><line number="233" hits="4"/><line number="238" hits="1"/><line number="239" hits="1"/><line number="244" hits="1"/><line number="249" hits="4"/><line number="254" hits="1"/><line number="255" hits="1"/><line number="258" hits="1"/><line number="263" hits="4"/><line number="266" hits="1"/><line number="269" hits="4"/><line number="271" hits="1"/><line number="273" hits="6"/><line number="274" hits="4"/><line number="276" hits="0"/></lines></class><class name="firewall" filename="src/vm/firewall.rs" line-rate="0.5652173913043478" branch-rate="0" complexity="0"><methods/><lines><line number="29" hits="1"/><line number="32" hits="1"/><line number="34" hits="3"/><line number="37" hits="2"/><line number="59" hits="1"/><line number="60" hits="1"/><line number="63" hits="1"/><line number="64" hits="0"/><line number="68" hits="1"/><line number="69" hits="1"/><line number="73" hits="0"/><line number="76" hits="0"/><line number="78" hits="0"/><line number="83" hits="0"/><line number="89" hits="1"/><line number="90" hits="1"/><line number="93" hits="1"/><line number="94" hits="1"/><line number="96" hits="1"/><line number="98" hits="1"/><line number="108" hits="1"/><line number="109" hits="1"/><line number="110" hits="2"/><line number="115" hits="1"/><line number="116" hits="1"/><line number="118" hits="0"/><line number="119" hits="0"/><line number="123" hits="2"/><line number="125" hits="1"/><line number="128" hits="0"/><line number="131" hits="0"/><line number="133" hits="0"/><line number="137" hits="0"/><line number="138" hits="0"/><line number="140" hits="0"/><line number="141" hits="0"/><line number="145" hits="0"/><line number="146" hits="0"/><line number="147" hits="0"/><line number="150" hits="0"/><line number="154" hits="0"/><line number="155" hits="0"/><line number="158" hits="0"/><line number="159" hits="0"/><line number="163" hits="0"/><line number="164" hits="0"/><line number="165" hits="0"/><line number="168" hits="0"/><line number="172" hits="1"/><line number="173" hits="1"/><line number="175" hits="2"/><line number="176" hits="2"/><line number="181" hits="1"/><line number="182" hits="2"/><line number="185" hits="1"/><line number="189" hits="1"/><line number="190" hits="1"/><line number="192" hits="2"/><line number="193" hits="2"/><line number="198" hits="1"/><line number="199" hits="2"/><line number="205" hits="1"/><line number="209" hits="1"/><line number="210" hits="1"/><line number="212" hits="1"/><line number="213" hits="1"/><line number="214" hits="0"/><line number="219" hits="1"/><line number="222" hits="1"/><line number="225" hits="1"/><line number="226" hits="0"/><line number="227" hits="0"/><line number="228" hits="0"/><line number="231" hits="1"/><line number="232" hits="2"/><line number="233" hits="2"/><line number="235" hits="0"/><line number="243" hits="0"/><line number="244" hits="0"/><line number="250" hits="0"/><line number="251" hits="0"/><line number="255" hits="0"/><line number="256" hits="0"/><line number="257" hits="0"/><line number="260" hits="0"/><line number="264" hits="1"/><line number="265" hits="1"/><line number="269" hits="1"/><line number="270" hits="1"/><line number="275" hits="1"/><line number="277" hits="1"/><line number="278" hits="0"/></lines></class><class name="mod" filename="src/vm/mod.rs" line-rate="0.7" branch-rate="0" complexity="0"><methods/><lines><line number="44" hits="1"/><line number="45" hits="1"/><line number="81" hits="4"/><line number="82" hits="3"/><line number="114" hits="4"/><line number="115" hits="2"/><line number="118" hits="3"/><line number="119" hits="1"/><line number="120" hits="2"/><line number="121" hits="1"/><line number="122" hits="1"/><line number="124" hits="0"/><line number="128" hits="2"/><line number="131" hits="2"/><line number="133" hits="0"/><line number="138" hits="1"/><line number="139" hits="2"/><line number="149" hits="3"/><line number="151" hits="0"/><line number="157" hits="2"/><line number="162" hits="0"/><line number="163" hits="0"/><line number="168" hits="3"/><line number="170" hits="0"/><line number="172" hits="0"/><line number="173" hits="0"/><line number="174" hits="0"/><line number="176" hits="0"/><line number="177" hits="0"/><line number="205" hits="4"/><line number="206" hits="2"/><line number="209" hits="2"/><line number="211" hits="1"/><line number="212" hits="0"/><line number="214" hits="2"/><line number="217" hits="1"/><line number="406" hits="1"/><line number="407" hits="1"/><line number="408" hits="1"/><line number="410" hits="1"/></lines></class><class name="seccomp" filename="src/vm/seccomp.rs" line-rate="0.9733333333333334" branch-rate="0" complexity="0"><methods/><lines><line number="66" hits="1"/><line number="69" hits="1"/><line number="77" hits="1"/><line number="85" hits="1"/><line number="86" hits="1"/><line number="87" hits="1"/><line number="91" hits="1"/><line number="92" hits="1"/><line number="93" hits="1"/><line number="94" hits="1"/><line number="95" hits="1"/><line number="100" hits="1"/><line number="101" hits="1"/><line number="124" hits="1"/><line number="125" hits="1"/><line number="128" hits="2"/><line number="171" hits="1"/><line number="175" hits="1"/><line number="176" hits="1"/><line number="179" hits="2"/><line number="194" hits="1"/><line number="217" hits="1"/><line number="218" hits="1"/><line number="222" hits="2"/><line number="229" hits="2"/><line number="257" hits="1"/><line number="259" hits="1"/><line number="260" hits="2"/><line number="267" hits="1"/><line number="268" hits="1"/><line number="272" hits="4"/><line number="274" hits="1"/><line number="275" hits="1"/><line number="276" hits="1"/><line number="282" hits="2"/><line number="283" hits="2"/><line number="284" hits="1"/><line number="286" hits="1"/><line number="289" hits="2"/><line number="290" hits="2"/><line number="292" hits="1"/><line number="293" hits="2"/><line number="298" hits="2"/><line number="308" hits="4"/><line number="309" hits="2"/><line number="310" hits="2"/><line number="312" hits="3"/><line number="318" hits="4"/><line number="319" hits="2"/><line number="320" hits="1"/><line number="321" hits="2"/><line number="323" hits="3"/><line number="329" hits="4"/><line number="330" hits="2"/><line number="331" hits="2"/><line number="333" hits="1"/><line number="334" hits="4"/><line number="338" hits="4"/><line number="339" hits="2"/><line number="340" hits="4"/><line number="341" hits="2"/><line number="344" hits="1"/><line number="345" hits="2"/><line number="346" hits="2"/><line number="351" hits="1"/><line number="366" hits="1"/><line number="368" hits="1"/><line number="369" hits="1"/><line number="373" hits="1"/><line number="374" hits="1"/><line number="376" hits="2"/><line number="377" hits="2"/><line number="378" hits="0"/><line number="385" hits="0"/><line number="390" hits="1"/></lines></class><class name="vsock" filename="src/vm/vsock.rs" line-rate="0.17699115044247787" branch-rate="0" complexity="0"><methods/><lines><line number="62" hits="1"/><line number="67" hits="1"/><line number="72" hits="1"/><line number="77" hits="1"/><line number="78" hits="1"/><line number="82" hits="1"/><line number="84" hits="1"/><line number="85" hits="1"/><line number="88" hits="1"/><line number="112" hits="0"/><line number="117" hits="0"/><line number="120" hits="0"/><line number="121" hits="0"/><line number="122" hits="0"/><line number="136" hits="4"/><line number="137" hits="1"/><line number="138" hits="4"/><line number="139" hits="4"/><line number="142" hits="1"/><line number="145" hits="2"/><line number="146" hits="0"/><line number="147" hits="0"/><line number="151" hits="2"/><line number="153" hits="2"/><line number="155" hits="1"/><line number="159" hits="0"/><line number="160" hits="0"/><line number="163" hits="0"/><line number="166" hits="0"/><line number="168" hits="0"/><line number="179" hits="0"/><line number="180" hits="0"/><line number="181" hits="0"/><line number="182" hits="0"/><line number="183" hits="0"/><line number="184" hits="0"/><line number="185" hits="0"/><line number="189" hits="0"/><line number="190" hits="0"/><line number="198" hits="1"/><line number="199" hits="1"/><line number="210" hits="0"/><line number="219" hits="0"/><line number="221" hits="0"/><line number="222" hits="0"/><line number="223" hits="0"/><line number="224" hits="0"/><line number="225" hits="0"/><line number="226" hits="0"/><line number="227" hits="0"/><line number="228" hits="0"/><line number="229" hits="0"/><line number="230" hits="0"/><line number="234" hits="0"/><line number="235" hits="0"/><line number="236" hits="0"/><line number="240" hits="0"/><line number="241" hits="0"/><line number="242" hits="0"/><line number="247" hits="0"/><line number="248" hits="0"/><line number="249" hits="0"/><line number="251" hits="0"/><line number="253" hits="0"/><line number="254" hits="0"/><line number="256" hits="0"/><line number="257" hits="0"/><line number="258" hits="0"/><line number="263" hits="0"/><line number="267" hits="0"/><line number="272" hits="0"/><line number="273" hits="0"/><line number="274" hits="0"/><line number="275" hits="0"/><line number="278" hits="0"/><line number="281" hits="0"/><line number="282" hits="0"/><line number="286" hits="0"/><line number="287" hits="0"/><line number="290" hits="0"/><line number="291" hits="0"/><line number="295" hits="0"/><line number="299" hits="0"/><line number="300" hits="0"/><line number="303" hits="0"/><line number="306" hits="0"/><line number="307" hits="0"/><line number="309" hits="0"/><line number="319" hits="0"/><line number="324" hits="0"/><line number="325" hits="0"/><line number="326" hits="0"/><line number="329" hits="0"/><line number="331" hits="0"/><line number="343" hits="0"/><line number="348" hits="0"/><line number="353" hits="0"/><line number="354" hits="0"/><line number="356" hits="0"/><line number="358" hits="0"/><line number="361" hits="0"/><line number="362" hits="0"/><line number="363" hits="0"/><line number="364" hits="0"/><line number="369" hits="0"/><line number="370" hits="0"/><line number="371" hits="0"/><line number="373" hits="0"/><line number="381" hits="0"/><line number="388" hits="0"/><line number="393" hits="0"/><line number="395" hits="0"/><line number="396" hits="0"/></lines></class></classes></package><package name="src/approval" line-rate="0" branch-rate="0" complexity="0"><classes><class name="mod" filename="src/approval/mod.rs" line-rate="0" branch-rate="0" complexity="0"><methods/><lines><line number="107" hits="0"/><line number="108" hits="0"/><line number="109" hits="0"/><line number="110" hits="0"/><line number="111" hits="0"/><line number="116" hits="0"/></lines></class></classes></package><package name="src/mcp" line-rate="0.8081841432225064" branch-rate="0" complexity="0"><classes><class name="client" filename="src/mcp/client.rs" line-rate="0.7517241379310344" branch-rate="0" complexity="0"><methods/><lines><line number="126" hits="3"/><line number="129" hits="6"/><line number="131" hits="3"/><line number="153" hits="3"/><line number="154" hits="3"/><line number="155" hits="3"/><line number="170" hits="13"/><line number="171" hits="8"/><line number="173" hits="3"/><line number="175" hits="12"/><line number="176" hits="9"/><line number="177" hits="4"/><line number="178" hits="2"/><line number="179" hits="2"/><line number="180" hits="0"/><line number="181" hits="0"/><line number="182" hits="0"/><line number="183" hits="0"/><line number="186" hits="2"/><line number="188" hits="0"/><line number="189" hits="0"/><line number="192" hits="2"/><line number="193" hits="2"/><line number="198" hits="4"/><line number="199" hits="2"/><line number="200" hits="2"/><line number="201" hits="1"/><line number="202" hits="1"/><line number="203" hits="0"/><line number="204" hits="0"/><line number="205" hits="0"/><line number="206" hits="0"/><line number="208" hits="4"/><line number="209" hits="0"/><line number="215" hits="0"/><line number="218" hits="4"/><line number="221" hits="5"/><line number="222" hits="1"/><line number="227" hits="1"/><line number="228" hits="0"/><line number="232" hits="1"/><line number="233" hits="0"/><line number="251" hits="12"/><line number="252" hits="6"/><line number="253" hits="2"/><line number="254" hits="0"/><line number="255" hits="0"/><line number="259" hits="6"/><line number="260" hits="2"/><line number="261" hits="0"/><line number="265" hits="3"/><line number="266" hits="6"/><line number="270" hits="3"/><line number="271" hits="3"/><line number="280" hits="3"/><line number="287" hits="3"/><line number="289" hits="3"/><line number="293" hits="19"/><line number="294" hits="3"/><line number="295" hits="10"/><line number="299" hits="4"/><line number="300" hits="2"/><line number="301" hits="0"/><line number="302" hits="1"/><line number="303" hits="2"/><line number="307" hits="4"/><line number="308" hits="0"/><line number="309" hits="2"/><line number="312" hits="6"/><line number="316" hits="2"/><line number="317" hits="4"/><line number="318" hits="2"/><line number="319" hits="2"/><line number="320" hits="2"/><line number="321" hits="4"/><line number="322" hits="2"/><line number="325" hits="2"/><line number="326" hits="0"/><line number="327" hits="0"/><line number="328" hits="0"/><line number="329" hits="0"/><line number="330" hits="0"/><line number="331" hits="0"/><line number="332" hits="0"/><line number="333" hits="0"/><line number="334" hits="0"/><line number="335" hits="0"/><line number="338" hits="2"/><line number="356" hits="4"/><line number="357" hits="3"/><line number="359" hits="1"/><line number="363" hits="1"/><line number="364" hits="1"/><line number="368" hits="5"/><line number="369" hits="1"/><line number="370" hits="3"/><line number="374" hits="2"/><line number="375" hits="2"/><line number="376" hits="0"/><line number="377" hits="1"/><line number="378" hits="2"/><line number="382" hits="2"/><line number="383" hits="0"/><line number="384" hits="1"/><line number="386" hits="4"/><line number="390" hits="2"/><line number="392" hits="1"/><line number="395" hits="2"/><line number="396" hits="2"/><line number="399" hits="1"/><line number="422" hits="1"/><line number="427" hits="2"/><line number="429" hits="1"/><line number="432" hits="2"/><line number="433" hits="0"/><line number="434" hits="0"/><line number="438" hits="1"/><line number="439" hits="1"/><line number="440" hits="1"/><line number="444" hits="4"/><line number="445" hits="1"/><line number="446" hits="3"/><line number="450" hits="2"/><line number="451" hits="2"/><line number="452" hits="0"/><line number="453" hits="1"/><line number="454" hits="2"/><line number="458" hits="2"/><line number="459" hits="0"/><line number="460" hits="1"/><line number="462" hits="2"/><line number="464" hits="1"/><line number="468" hits="1"/><line number="469" hits="1"/><line number="470" hits="1"/><line number="471" hits="0"/><line number="473" hits="1"/><line number="474" hits="1"/><line number="475" hits="1"/><line number="480" hits="1"/><line number="481" hits="1"/><line number="487" hits="1"/><line number="488" hits="1"/><line number="494" hits="1"/><line number="495" hits="1"/></lines></class><class name="http_transport" filename="src/mcp/http_transport.rs" line-rate="0.5576923076923077" branch-rate="0" complexity="0"><methods/><lines><line number="102" hits="1"/><line number="103" hits="1"/><line number="106" hits="3"/><line number="107" hits="2"/><line number="114" hits="1"/><line number="115" hits="1"/><line number="132" hits="1"/><line number="133" hits="1"/><line number="135" hits="3"/><line number="136" hits="1"/><line number="137" hits="1"/><line number="138" hits="1"/><line number="139" hits="1"/><line number="143" hits="1"/><line number="144" hits="1"/><line number="148" hits="1"/><line number="149" hits="1"/><line number="155" hits="0"/><line number="156" hits="0"/><line number="173" hits="4"/><line number="174" hits="1"/><line number="175" hits="2"/><line number="179" hits="0"/><line number="182" hits="0"/><line number="185" hits="0"/><line number="187" hits="0"/><line number="189" hits="0"/><line number="191" hits="0"/><line number="195" hits="0"/><line number="196" hits="0"/><line number="198" hits="0"/><line number="203" hits="0"/><line number="205" hits="0"/><line number="208" hits="0"/><line number="211" hits="0"/><line number="213" hits="0"/><line number="220" hits="0"/><line number="223" hits="0"/><line number="224" hits="0"/><line number="226" hits="0"/><line number="233" hits="4"/><line number="234" hits="1"/><line number="235" hits="2"/><line number="239" hits="2"/><line number="242" hits="1"/><line number="244" hits="2"/><line number="245" hits="0"/><line number="246" hits="0"/><line number="247" hits="0"/><line number="249" hits="2"/><line number="256" hits="1"/><line number="257" hits="1"/></lines></class><class name="protocol" filename="src/mcp/protocol.rs" line-rate="0.9672131147540983" branch-rate="0" complexity="0"><methods/><lines><line number="61" hits="2"/><line number="63" hits="2"/><line number="65" hits="2"/><line number="71" hits="2"/><line number="72" hits="2"/><line number="120" hits="1"/><line number="122" hits="1"/><line number="124" hits="1"/><line number="130" hits="1"/><line number="132" hits="1"/><line number="135" hits="1"/><line number="140" hits="1"/><line number="141" hits="1"/><line number="145" hits="1"/><line number="146" hits="1"/><line number="147" hits="1"/><line number="148" hits="1"/><line number="149" hits="2"/><line number="174" hits="2"/><line number="177" hits="2"/><line number="183" hits="1"/><line number="186" hits="1"/><line number="187" hits="1"/><line number="193" hits="1"/><line number="194" hits="1"/><line number="198" hits="1"/><line number="199" hits="1"/><line number="203" hits="1"/><line number="204" hits="1"/><line number="208" hits="1"/><line number="209" hits="1"/><line number="213" hits="1"/><line number="214" hits="1"/><line number="219" hits="1"/><line number="220" hits="1"/><line number="224" hits="0"/><line number="225" hits="0"/><line number="230" hits="1"/><line number="231" hits="1"/><line number="270" hits="1"/><line number="271" hits="2"/><line number="272" hits="1"/><line number="273" hits="1"/><line number="274" hits="1"/><line number="275" hits="1"/><line number="276" hits="1"/><line number="277" hits="1"/><line number="278" hits="1"/><line number="279" hits="1"/><line number="285" hits="1"/><line number="286" hits="2"/><line number="287" hits="1"/><line number="288" hits="3"/><line number="289" hits="2"/><line number="290" hits="2"/><line number="291" hits="2"/><line number="292" hits="2"/><line number="293" hits="2"/><line number="294" hits="1"/><line number="300" hits="1"/><line number="301" hits="1"/></lines></class><class name="retry" filename="src/mcp/retry.rs" line-rate="0.8823529411764706" branch-rate="0" complexity="0"><methods/><lines><line number="69" hits="1"/><line number="72" hits="1"/><line number="73" hits="1"/><line number="81" hits="1"/><line number="82" hits="1"/><line number="96" hits="1"/><line number="97" hits="1"/><line number="98" hits="1"/><line number="112" hits="1"/><line number="113" hits="1"/><line number="114" hits="1"/><line number="128" hits="1"/><line number="129" hits="1"/><line number="130" hits="1"/><line number="147" hits="1"/><line number="148" hits="1"/><line number="149" hits="1"/><line number="156" hits="1"/><line number="157" hits="1"/><line number="160" hits="1"/><line number="161" hits="1"/><line number="162" hits="1"/><line number="166" hits="1"/><line number="180" hits="1"/><line number="181" hits="1"/><line number="184" hits="2"/><line number="185" hits="1"/><line number="189" hits="2"/><line number="190" hits="1"/><line number="194" hits="2"/><line number="195" hits="2"/><line number="196" hits="1"/><line number="197" hits="1"/><line number="198" hits="1"/><line number="199" hits="1"/><line number="201" hits="1"/><line number="205" hits="1"/><line number="234" hits="8"/><line number="239" hits="4"/><line number="241" hits="10"/><line number="242" hits="12"/><line number="243" hits="1"/><line number="244" hits="1"/><line number="245" hits="0"/><line number="246" hits="0"/><line number="247" hits="0"/><line number="248" hits="0"/><line number="251" hits="1"/><line number="253" hits="4"/><line number="255" hits="12"/><line number="256" hits="4"/><line number="257" hits="0"/><line number="258" hits="0"/><line number="259" hits="0"/><line number="262" hits="4"/><line number="263" hits="2"/><line number="264" hits="8"/><line number="266" hits="2"/><line number="269" hits="6"/><line number="270" hits="3"/><line number="277" hits="0"/><line number="291" hits="1"/><line number="292" hits="1"/><line number="294" hits="1"/><line number="296" hits="1"/><line number="298" hits="2"/><line number="300" hits="1"/><line number="303" hits="1"/></lines></class><class name="transport" filename="src/mcp/transport.rs" line-rate="0.9076923076923077" branch-rate="0" complexity="0"><methods/><lines><line number="100" hits="4"/><line number="101" hits="2"/><line number="102" hits="2"/><line number="105" hits="3"/><line number="106" hits="1"/><line number="107" hits="1"/><line number="108" hits="1"/><line number="109" hits="1"/><line number="114" hits="2"/><line number="115" hits="2"/><line number="117" hits="1"/><line number="118" hits="1"/><line number="119" hits="1"/><line number="120" hits="1"/><line number="121" hits="2"/><line number="123" hits="1"/><line number="128" hits="1"/><line number="129" hits="1"/><line number="135" hits="4"/><line number="136" hits="2"/><line number="137" hits="2"/><line number="138" hits="4"/><line number="140" hits="4"/><line number="142" hits="1"/><line number="144" hits="1"/><line number="150" hits="4"/><line number="151" hits="2"/><line number="152" hits="4"/><line number="154" hits="4"/><line number="156" hits="1"/><line number="157" hits="1"/><line number="159" hits="0"/><line number="165" hits="1"/><line number="167" hits="1"/><line number="168" hits="2"/><line number="170" hits="2"/><line number="179" hits="4"/><line number="180" hits="1"/><line number="181" hits="0"/><line number="185" hits="2"/><line number="188" hits="2"/><line number="191" hits="4"/><line number="192" hits="2"/><line number="193" hits="4"/><line number="197" hits="4"/><line number="199" hits="3"/><line number="203" hits="4"/><line number="205" hits="3"/><line number="208" hits="1"/><line number="214" hits="4"/><line number="215" hits="1"/><line number="216" hits="0"/><line number="220" hits="1"/><line number="223" hits="4"/><line number="225" hits="1"/><line number="226" hits="4"/><line number="230" hits="1"/><line number="231" hits="0"/><line number="232" hits="0"/><line number="235" hits="2"/><line number="238" hits="2"/><line number="239" hits="0"/><line number="245" hits="1"/><line number="249" hits="1"/><line number="250" hits="1"/></lines></class></classes></package><package name="benches" line-rate="0" branch-rate="0" complexity="0"><classes></classes></package><package name="src" line-rate="0.6331168831168831" branch-rate="0" complexity="0"><classes><class name="main" filename="src/main.rs" line-rate="0.03260869565217391" branch-rate="0" complexity="0"><methods/><lines><line number="61" hits="0"/><line number="63" hits="0"/><line number="66" hits="0"/><line number="67" hits="0"/><line number="69" hits="0"/><line number="71" hits="0"/><line number="72" hits="0"/><line number="74" hits="0"/><line number="75" hits="0"/><line number="76" hits="0"/><line number="80" hits="0"/><line number="83" hits="0"/><line number="84" hits="0"/><line number="85" hits="0"/><line number="86" hits="0"/><line number="88" hits="0"/><line number="89" hits="0"/><line number="90" hits="0"/><line number="92" hits="0"/><line number="97" hits="0"/><line number="98" hits="0"/><line number="101" hits="0"/><line number="105" hits="0"/><line number="109" hits="4"/><line number="110" hits="2"/><line number="116" hits="2"/><line number="122" hits="0"/><line number="123" hits="0"/><line number="127" hits="0"/><line number="129" hits="0"/><line number="131" hits="0"/><line number="132" hits="0"/><line number="133" hits="0"/><line number="136" hits="0"/><line number="137" hits="0"/><line number="141" hits="0"/><line number="142" hits="0"/><line number="143" hits="0"/><line number="145" hits="0"/><line number="149" hits="0"/><line number="151" hits="0"/><line number="152" hits="0"/><line number="153" hits="0"/><line number="154" hits="0"/><line number="159" hits="0"/><line number="160" hits="0"/><line number="161" hits="0"/><line number="162" hits="0"/><line number="163" hits="0"/><line number="169" hits="0"/><line number="171" hits="0"/><line number="174" hits="0"/><line number="175" hits="0"/><line number="176" hits="0"/><line number="177" hits="0"/><line number="178" hits="0"/><line number="179" hits="0"/><line number="181" hits="0"/><line number="185" hits="0"/><line number="187" hits="0"/><line number="188" hits="0"/><line number="190" hits="0"/><line number="193" hits="0"/><line number="194" hits="0"/><line number="195" hits="0"/><line number="202" hits="0"/><line number="203" hits="0"/><line number="205" hits="0"/><line number="206" hits="0"/><line number="207" hits="0"/><line number="210" hits="0"/><line number="211" hits="0"/><line number="216" hits="0"/><line number="217" hits="0"/><line number="218" hits="0"/><line number="219" hits="0"/><line number="220" hits="0"/><line number="222" hits="0"/><line number="223" hits="0"/><line number="225" hits="0"/><line number="226" hits="0"/><line number="227" hits="0"/><line number="229" hits="0"/><line number="231" hits="0"/><line number="235" hits="0"/><line number="238" hits="0"/><line number="239" hits="0"/><line number="240" hits="0"/><line number="243" hits="0"/><line number="245" hits="0"/><line number="247" hits="0"/><line number="250" hits="0"/></lines></class></classes></package></packages></coverage>